I, [2013-04-19T09:57:04.565448 #6601]  INFO -- : listening on addr=0.0.0.0:5252 fd=5
E, [2013-04-19T09:57:04.567359 #6601] ERROR -- : Invalid argument
E, [2013-04-19T09:57:04.567446 #6601] ERROR -- : RLIMIT_NOFILE needs to be increased to >=128006 before starting rainbows
I, [2013-04-19T09:57:04.567609 #6601]  INFO -- : worker=0 spawning...
I, [2013-04-19T09:57:04.570028 #6601]  INFO -- : worker=1 spawning...
I, [2013-04-19T09:57:04.570842 #6601]  INFO -- : worker=2 spawning...
I, [2013-04-19T09:57:04.571563 #6601]  INFO -- : worker=3 spawning...
I, [2013-04-19T09:57:04.572357 #6601]  INFO -- : worker=4 spawning...
I, [2013-04-19T09:57:04.573341 #6601]  INFO -- : worker=5 spawning...
I, [2013-04-19T09:57:04.574460 #6601]  INFO -- : worker=6 spawning...
I, [2013-04-19T09:57:04.575620 #6601]  INFO -- : worker=7 spawning...
I, [2013-04-19T09:57:04.576025 #6602]  INFO -- : worker=0 spawned pid=6602
I, [2013-04-19T09:57:04.577218 #6602]  INFO -- : Refreshing Gem list
I, [2013-04-19T09:57:04.577396 #6603]  INFO -- : worker=1 spawned pid=6603
I, [2013-04-19T09:57:04.578532 #6603]  INFO -- : Refreshing Gem list
I, [2013-04-19T09:57:04.578532 #6605]  INFO -- : worker=3 spawned pid=6605
I, [2013-04-19T09:57:04.578892 #6604]  INFO -- : worker=2 spawned pid=6604
I, [2013-04-19T09:57:04.579553 #6605]  INFO -- : Refreshing Gem list
I, [2013-04-19T09:57:04.580042 #6604]  INFO -- : Refreshing Gem list
I, [2013-04-19T09:57:04.580169 #6606]  INFO -- : worker=4 spawned pid=6606
I, [2013-04-19T09:57:04.580655 #6601]  INFO -- : master process ready
I, [2013-04-19T09:57:04.580403 #6607]  INFO -- : worker=5 spawned pid=6607
I, [2013-04-19T09:57:04.581126 #6606]  INFO -- : Refreshing Gem list
I, [2013-04-19T09:57:04.581351 #6607]  INFO -- : Refreshing Gem list
I, [2013-04-19T09:57:04.586598 #6608]  INFO -- : worker=6 spawned pid=6608
I, [2013-04-19T09:57:04.587393 #6608]  INFO -- : Refreshing Gem list
I, [2013-04-19T09:57:04.588463 #6609]  INFO -- : worker=7 spawned pid=6609
I, [2013-04-19T09:57:04.589232 #6609]  INFO -- : Refreshing Gem list
E, [2013-04-19T09:57:04.652128 #6609] ERROR -- : Error trying to compile /code/albatross/app.rb (Rubinius::CompileError)
/Users/nbarnes/.rvm/rubies/rbx-head/runtime/19/compiler/compiler.rbc:13:in `compiler_error'
/Users/nbarnes/.rvm/rubies/rbx-head/runtime/19/compiler/compiler.rbc:92:in `compile'
kernel/delta/codeloader.rb:181:in `compile_file'
kernel/delta/codeloader.rb:155:in `load_file'
kernel/common/codeloader.rb:129:in `require'
kernel/common/codeloader.rb:206:in `require'
kernel/common/kernel.rb:638:in `require'
config.ru:2:in `__script__'
kernel/common/eval19.rb:45:in `instance_eval'
/Users/nbarnes/.rvm/gems/rbx-head@albatross/gems/rack-1.5.2/lib/rack/builder.rb:55:in `initialize'
kernel/alpha.rb:96:in `new'
config.ru:1:in `__script__'
kernel/common/block_environment.rb:75:in `call_on_instance'
kernel/common/eval.rb:75:in `eval'
/Users/nbarnes/.rvm/gems/rbx-head@albatross/gems/unicorn-4.6.2/lib/unicorn.rb:44:in `builder'
kernel/bootstrap/proc.rb:22:in `call'
/Users/nbarnes/.rvm/gems/rbx-head@albatross/gems/unicorn-4.6.2/lib/unicorn/http_server.rb:722:in `build_app!'
/Users/nbarnes/.rvm/gems/rbx-head@albatross/gems/unicorn-4.6.2/lib/unicorn/http_server.rb:595:in `init_worker_process'
/Users/nbarnes/.rvm/gems/rbx-head@albatross/gems/rainbows-4.5.0/lib/rainbows/base.rb:13:in `init_worker_process'
/Users/nbarnes/.rvm/gems/rbx-head@albatross/gems/rainbows-4.5.0/lib/rainbows/event_machine.rb:72:in `worker_loop'
/Users/nbarnes/.rvm/gems/rbx-head@albatross/gems/rainbows-4.5.0/lib/rainbows/http_server.rb:45:in `worker_loop'
/Users/nbarnes/.rvm/gems/rbx-head@albatross/gems/unicorn-4.6.2/lib/unicorn/http_server.rb:500:in `spawn_missing_workers'
/Users/nbarnes/.rvm/gems/rbx-head@albatross/gems/rainbows-4.5.0/lib/rainbows/http_server.rb:61:in `spawn_missing_workers'
/Users/nbarnes/.rvm/gems/rbx-head@albatross/gems/unicorn-4.6.2/lib/unicorn/http_server.rb:142:in `start'
/Users/nbarnes/.rvm/gems/rbx-head@albatross/gems/rainbows-4.5.0/bin/rainbows:127:in `__script__'
kernel/common/kernel.rb:587:in `load'
/Users/nbarnes/.rvm/gems/rbx-head@albatross/bin/rainbows:19:in `__script__'
kernel/common/block_environment.rb:75:in `call_on_instance'
kernel/common/eval.rb:75:in `eval'
/Users/nbarnes/.rvm/gems/rbx-head@albatross/bin/ruby_noexec_wrapper:14:in `__script__'
kernel/delta/codeloader.rb:68:in `load_script'
kernel/delta/codeloader.rb:118:in `load_script'
kernel/loader.rb:615:in `script'
kernel/loader.rb:816:in `main'
E, [2013-04-19T09:57:04.662592 #6601] ERROR -- : reaped #<Process::Status:0x3ce0 @pid=6609 @exitstatus=1 @termsig=nil @stopsig=nil> worker=7
E, [2013-04-19T09:57:04.663035 #6601] ERROR -- : Invalid argument
E, [2013-04-19T09:57:04.663119 #6601] ERROR -- : RLIMIT_NOFILE needs to be increased to >=128006 before starting rainbows master -c Rainbows.rb -p 5252 -E production
I, [2013-04-19T09:57:04.663214 #6601]  INFO -- : worker=7 spawning...
I, [2013-04-19T09:57:04.670713 #6610]  INFO -- : worker=7 spawned pid=6610
I, [2013-04-19T09:57:04.672045 #6610]  INFO -- : Refreshing Gem list
I, [2013-04-19T09:57:07.090658 #6604]  INFO -- : Rainbows! EventMachine worker_connections=128000
I, [2013-04-19T09:57:07.090802 #6605]  INFO -- : Rainbows! EventMachine worker_connections=128000
I, [2013-04-19T09:57:07.091024 #6606]  INFO -- : Rainbows! EventMachine worker_connections=128000
I, [2013-04-19T09:57:07.091198 #6605]  INFO -- : EventMachine: epoll=false kqueue=true
I, [2013-04-19T09:57:07.091069 #6604]  INFO -- : EventMachine: epoll=false kqueue=true
I, [2013-04-19T09:57:07.091520 #6607]  INFO -- : Rainbows! EventMachine worker_connections=128000
I, [2013-04-19T09:57:07.091879 #6607]  INFO -- : EventMachine: epoll=false kqueue=true
I, [2013-04-19T09:57:07.091438 #6606]  INFO -- : EventMachine: epoll=false kqueue=true
I, [2013-04-19T09:57:07.092375 #6602]  INFO -- : Rainbows! EventMachine worker_connections=128000
I, [2013-04-19T09:57:07.092644 #6610]  INFO -- : Rainbows! EventMachine worker_connections=128000
I, [2013-04-19T09:57:07.093041 #6610]  INFO -- : EventMachine: epoll=false kqueue=true
I, [2013-04-19T09:57:07.092767 #6602]  INFO -- : EventMachine: epoll=false kqueue=true
I, [2013-04-19T09:57:07.095119 #6603]  INFO -- : Rainbows! EventMachine worker_connections=128000
I, [2013-04-19T09:57:07.095547 #6603]  INFO -- : EventMachine: epoll=false kqueue=true
I, [2013-04-19T09:57:07.096839 #6608]  INFO -- : Rainbows! EventMachine worker_connections=128000
I, [2013-04-19T09:57:07.097264 #6608]  INFO -- : EventMachine: epoll=false kqueue=true
E, [2013-04-19T09:59:52.987984 #6601] ERROR -- : reaped #<Process::Status:0x3ce8 @pid=6610 @exitstatus=nil @termsig=9 @stopsig=nil> worker=7
E, [2013-04-19T09:59:52.988302 #6601] ERROR -- : reaped #<Process::Status:0x3cf0 @pid=6607 @exitstatus=nil @termsig=9 @stopsig=nil> worker=5
E, [2013-04-19T09:59:52.988415 #6601] ERROR -- : reaped #<Process::Status:0x3cf8 @pid=6606 @exitstatus=nil @termsig=9 @stopsig=nil> worker=4
E, [2013-04-19T09:59:52.988519 #6601] ERROR -- : reaped #<Process::Status:0x3d00 @pid=6605 @exitstatus=nil @termsig=9 @stopsig=nil> worker=3
E, [2013-04-19T09:59:52.988625 #6601] ERROR -- : reaped #<Process::Status:0x3d08 @pid=6604 @exitstatus=nil @termsig=9 @stopsig=nil> worker=2
E, [2013-04-19T09:59:52.988778 #6601] ERROR -- : reaped #<Process::Status:0x3d10 @pid=6603 @exitstatus=nil @termsig=9 @stopsig=nil> worker=1
E, [2013-04-19T09:59:52.988906 #6601] ERROR -- : reaped #<Process::Status:0x3d18 @pid=6602 @exitstatus=nil @termsig=9 @stopsig=nil> worker=0
E, [2013-04-19T09:59:52.990896 #6601] ERROR -- : reaped #<Process::Status:0x3d20 @pid=6608 @exitstatus=nil @termsig=9 @stopsig=nil> worker=6
I, [2013-04-19T09:59:52.991875 #6601]  INFO -- : master complete
